ERROR - 2025-12-07 10:54:12 --> mysqli_sql_exception: Duplicate column name 'wallet_id' in D:\investa v2\backend\vendor\codeigniter4\framework\system\Database\MySQLi\Connection.php:327
Stack trace:
#0 D:\investa v2\backend\vendor\codeigniter4\framework\system\Database\MySQLi\Connection.php(327): mysqli->query('ALTER TABLE `tr...', 0)
#1 D:\investa v2\backend\vendor\codeigniter4\framework\system\Database\BaseConnection.php(729): CodeIgniter\Database\MySQLi\Connection->execute('ALTER TABLE `tr...')
#2 D:\investa v2\backend\vendor\codeigniter4\framework\system\Database\BaseConnection.php(646): CodeIgniter\Database\BaseConnection->simpleQuery('ALTER TABLE `tr...')
#3 D:\investa v2\backend\vendor\codeigniter4\framework\system\Database\Forge.php(772): CodeIgniter\Database\BaseConnection->query('ALTER TABLE `tr...')
#4 D:\investa v2\backend\app\Database\Migrations\2025-12-05-130250_AddFinanceFeatures.php(42): CodeIgniter\Database\Forge->addColumn('transactions', Array)
#5 D:\investa v2\backend\vendor\codeigniter4\framework\system\Database\MigrationRunner.php(876): App\Database\Migrations\AddFinanceFeatures->up()
#6 D:\investa v2\backend\vendor\codeigniter4\framework\system\Database\MigrationRunner.php(182): CodeIgniter\Database\MigrationRunner->migrate('up', Object(stdClass))
#7 D:\investa v2\backend\vendor\codeigniter4\framework\system\Commands\Database\Migrate.php(85): CodeIgniter\Database\MigrationRunner->latest(NULL)
#8 D:\investa v2\backend\vendor\codeigniter4\framework\system\CLI\Commands.php(74): CodeIgniter\Commands\Database\Migrate->run(Array)
#9 D:\investa v2\backend\vendor\codeigniter4\framework\system\CLI\Console.php(47): CodeIgniter\CLI\Commands->run('migrate', Array)
#10 D:\investa v2\backend\vendor\codeigniter4\framework\system\Boot.php(388): CodeIgniter\CLI\Console->run()
#11 D:\investa v2\backend\vendor\codeigniter4\framework\system\Boot.php(133): CodeIgniter\Boot::runCommand(Object(CodeIgniter\CLI\Console))
#12 D:\investa v2\backend\spark(87): CodeIgniter\Boot::bootSpark(Object(Config\Paths))
#13 {main}
ERROR - 2025-12-07 10:57:15 --> mysqli_sql_exception: Duplicate column name 'wallet_id' in C:\xampp\htdocs\backend\vendor\codeigniter4\framework\system\Database\MySQLi\Connection.php:327
Stack trace:
#0 C:\xampp\htdocs\backend\vendor\codeigniter4\framework\system\Database\MySQLi\Connection.php(327): mysqli->query('ALTER TABLE `tr...', 0)
#1 C:\xampp\htdocs\backend\vendor\codeigniter4\framework\system\Database\BaseConnection.php(729): CodeIgniter\Database\MySQLi\Connection->execute('ALTER TABLE `tr...')
#2 C:\xampp\htdocs\backend\vendor\codeigniter4\framework\system\Database\BaseConnection.php(646): CodeIgniter\Database\BaseConnection->simpleQuery('ALTER TABLE `tr...')
#3 C:\xampp\htdocs\backend\vendor\codeigniter4\framework\system\Database\Forge.php(772): CodeIgniter\Database\BaseConnection->query('ALTER TABLE `tr...')
#4 C:\xampp\htdocs\backend\app\Database\Migrations\2025-12-05-130250_AddFinanceFeatures.php(42): CodeIgniter\Database\Forge->addColumn('transactions', Array)
#5 C:\xampp\htdocs\backend\vendor\codeigniter4\framework\system\Database\MigrationRunner.php(876): App\Database\Migrations\AddFinanceFeatures->up()
#6 C:\xampp\htdocs\backend\vendor\codeigniter4\framework\system\Database\MigrationRunner.php(182): CodeIgniter\Database\MigrationRunner->migrate('up', Object(stdClass))
#7 C:\xampp\htdocs\backend\vendor\codeigniter4\framework\system\Commands\Database\Migrate.php(85): CodeIgniter\Database\MigrationRunner->latest(NULL)
#8 C:\xampp\htdocs\backend\vendor\codeigniter4\framework\system\CLI\Commands.php(74): CodeIgniter\Commands\Database\Migrate->run(Array)
#9 C:\xampp\htdocs\backend\vendor\codeigniter4\framework\system\CLI\Console.php(47): CodeIgniter\CLI\Commands->run('migrate', Array)
#10 C:\xampp\htdocs\backend\vendor\codeigniter4\framework\system\Boot.php(388): CodeIgniter\CLI\Console->run()
#11 C:\xampp\htdocs\backend\vendor\codeigniter4\framework\system\Boot.php(133): CodeIgniter\Boot::runCommand(Object(CodeIgniter\CLI\Console))
#12 C:\xampp\htdocs\backend\spark(87): CodeIgniter\Boot::bootSpark(Object(Config\Paths))
#13 {main}
ERROR - 2025-12-07 11:00:25 --> mysqli_sql_exception: Duplicate column name 'wallet_id' in C:\xampp\htdocs\backend\vendor\codeigniter4\framework\system\Database\MySQLi\Connection.php:327
Stack trace:
#0 C:\xampp\htdocs\backend\vendor\codeigniter4\framework\system\Database\MySQLi\Connection.php(327): mysqli->query('ALTER TABLE `tr...', 0)
#1 C:\xampp\htdocs\backend\vendor\codeigniter4\framework\system\Database\BaseConnection.php(729): CodeIgniter\Database\MySQLi\Connection->execute('ALTER TABLE `tr...')
#2 C:\xampp\htdocs\backend\vendor\codeigniter4\framework\system\Database\BaseConnection.php(646): CodeIgniter\Database\BaseConnection->simpleQuery('ALTER TABLE `tr...')
#3 C:\xampp\htdocs\backend\vendor\codeigniter4\framework\system\Database\Forge.php(772): CodeIgniter\Database\BaseConnection->query('ALTER TABLE `tr...')
#4 C:\xampp\htdocs\backend\app\Database\Migrations\2025-12-05-130250_AddFinanceFeatures.php(42): CodeIgniter\Database\Forge->addColumn('transactions', Array)
#5 C:\xampp\htdocs\backend\vendor\codeigniter4\framework\system\Database\MigrationRunner.php(876): App\Database\Migrations\AddFinanceFeatures->up()
#6 C:\xampp\htdocs\backend\vendor\codeigniter4\framework\system\Database\MigrationRunner.php(182): CodeIgniter\Database\MigrationRunner->migrate('up', Object(stdClass))
#7 C:\xampp\htdocs\backend\vendor\codeigniter4\framework\system\Commands\Database\Migrate.php(85): CodeIgniter\Database\MigrationRunner->latest(NULL)
#8 C:\xampp\htdocs\backend\vendor\codeigniter4\framework\system\CLI\Commands.php(74): CodeIgniter\Commands\Database\Migrate->run(Array)
#9 C:\xampp\htdocs\backend\vendor\codeigniter4\framework\system\CLI\Console.php(47): CodeIgniter\CLI\Commands->run('migrate', Array)
#10 C:\xampp\htdocs\backend\vendor\codeigniter4\framework\system\Boot.php(388): CodeIgniter\CLI\Console->run()
#11 C:\xampp\htdocs\backend\vendor\codeigniter4\framework\system\Boot.php(133): CodeIgniter\Boot::runCommand(Object(CodeIgniter\CLI\Console))
#12 C:\xampp\htdocs\backend\spark(87): CodeIgniter\Boot::bootSpark(Object(Config\Paths))
#13 {main}
ERROR - 2025-12-07 11:47:32 --> mysqli_sql_exception: Duplicate column name 'wallet_id' in C:\xampp\htdocs\backend\vendor\codeigniter4\framework\system\Database\MySQLi\Connection.php:327
Stack trace:
#0 C:\xampp\htdocs\backend\vendor\codeigniter4\framework\system\Database\MySQLi\Connection.php(327): mysqli->query('ALTER TABLE `tr...', 0)
#1 C:\xampp\htdocs\backend\vendor\codeigniter4\framework\system\Database\BaseConnection.php(729): CodeIgniter\Database\MySQLi\Connection->execute('ALTER TABLE `tr...')
#2 C:\xampp\htdocs\backend\vendor\codeigniter4\framework\system\Database\BaseConnection.php(646): CodeIgniter\Database\BaseConnection->simpleQuery('ALTER TABLE `tr...')
#3 C:\xampp\htdocs\backend\vendor\codeigniter4\framework\system\Database\Forge.php(772): CodeIgniter\Database\BaseConnection->query('ALTER TABLE `tr...')
#4 C:\xampp\htdocs\backend\app\Database\Migrations\2025-12-05-130250_AddFinanceFeatures.php(42): CodeIgniter\Database\Forge->addColumn('transactions', Array)
#5 C:\xampp\htdocs\backend\vendor\codeigniter4\framework\system\Database\MigrationRunner.php(876): App\Database\Migrations\AddFinanceFeatures->up()
#6 C:\xampp\htdocs\backend\vendor\codeigniter4\framework\system\Database\MigrationRunner.php(182): CodeIgniter\Database\MigrationRunner->migrate('up', Object(stdClass))
#7 C:\xampp\htdocs\backend\vendor\codeigniter4\framework\system\Commands\Database\Migrate.php(85): CodeIgniter\Database\MigrationRunner->latest(NULL)
#8 C:\xampp\htdocs\backend\vendor\codeigniter4\framework\system\CLI\Commands.php(74): CodeIgniter\Commands\Database\Migrate->run(Array)
#9 C:\xampp\htdocs\backend\vendor\codeigniter4\framework\system\CLI\Console.php(47): CodeIgniter\CLI\Commands->run('migrate', Array)
#10 C:\xampp\htdocs\backend\vendor\codeigniter4\framework\system\Boot.php(388): CodeIgniter\CLI\Console->run()
#11 C:\xampp\htdocs\backend\vendor\codeigniter4\framework\system\Boot.php(133): CodeIgniter\Boot::runCommand(Object(CodeIgniter\CLI\Console))
#12 C:\xampp\htdocs\backend\spark(87): CodeIgniter\Boot::bootSpark(Object(Config\Paths))
#13 {main}
ERROR - 2025-12-07 11:48:04 --> mysqli_sql_exception: Duplicate column name 'wallet_id' in C:\xampp\htdocs\backend\vendor\codeigniter4\framework\system\Database\MySQLi\Connection.php:327
Stack trace:
#0 C:\xampp\htdocs\backend\vendor\codeigniter4\framework\system\Database\MySQLi\Connection.php(327): mysqli->query('ALTER TABLE `tr...', 0)
#1 C:\xampp\htdocs\backend\vendor\codeigniter4\framework\system\Database\BaseConnection.php(729): CodeIgniter\Database\MySQLi\Connection->execute('ALTER TABLE `tr...')
#2 C:\xampp\htdocs\backend\vendor\codeigniter4\framework\system\Database\BaseConnection.php(646): CodeIgniter\Database\BaseConnection->simpleQuery('ALTER TABLE `tr...')
#3 C:\xampp\htdocs\backend\vendor\codeigniter4\framework\system\Database\Forge.php(772): CodeIgniter\Database\BaseConnection->query('ALTER TABLE `tr...')
#4 C:\xampp\htdocs\backend\app\Database\Migrations\2025-12-05-130250_AddFinanceFeatures.php(42): CodeIgniter\Database\Forge->addColumn('transactions', Array)
#5 C:\xampp\htdocs\backend\vendor\codeigniter4\framework\system\Database\MigrationRunner.php(876): App\Database\Migrations\AddFinanceFeatures->up()
#6 C:\xampp\htdocs\backend\vendor\codeigniter4\framework\system\Database\MigrationRunner.php(182): CodeIgniter\Database\MigrationRunner->migrate('up', Object(stdClass))
#7 C:\xampp\htdocs\backend\vendor\codeigniter4\framework\system\Commands\Database\Migrate.php(85): CodeIgniter\Database\MigrationRunner->latest(NULL)
#8 C:\xampp\htdocs\backend\vendor\codeigniter4\framework\system\CLI\Commands.php(74): CodeIgniter\Commands\Database\Migrate->run(Array)
#9 C:\xampp\htdocs\backend\vendor\codeigniter4\framework\system\CLI\Console.php(47): CodeIgniter\CLI\Commands->run('migrate', Array)
#10 C:\xampp\htdocs\backend\vendor\codeigniter4\framework\system\Boot.php(388): CodeIgniter\CLI\Console->run()
#11 C:\xampp\htdocs\backend\vendor\codeigniter4\framework\system\Boot.php(133): CodeIgniter\Boot::runCommand(Object(CodeIgniter\CLI\Console))
#12 C:\xampp\htdocs\backend\spark(87): CodeIgniter\Boot::bootSpark(Object(Config\Paths))
#13 {main}
ERROR - 2025-12-07 11:50:04 --> mysqli_sql_exception: Duplicate column name 'wallet_id' in C:\xampp\htdocs\backend\vendor\codeigniter4\framework\system\Database\MySQLi\Connection.php:327
Stack trace:
#0 C:\xampp\htdocs\backend\vendor\codeigniter4\framework\system\Database\MySQLi\Connection.php(327): mysqli->query('ALTER TABLE `tr...', 0)
#1 C:\xampp\htdocs\backend\vendor\codeigniter4\framework\system\Database\BaseConnection.php(729): CodeIgniter\Database\MySQLi\Connection->execute('ALTER TABLE `tr...')
#2 C:\xampp\htdocs\backend\vendor\codeigniter4\framework\system\Database\BaseConnection.php(646): CodeIgniter\Database\BaseConnection->simpleQuery('ALTER TABLE `tr...')
#3 C:\xampp\htdocs\backend\vendor\codeigniter4\framework\system\Database\Forge.php(772): CodeIgniter\Database\BaseConnection->query('ALTER TABLE `tr...')
#4 C:\xampp\htdocs\backend\app\Database\Migrations\2025-12-05-130250_AddFinanceFeatures.php(42): CodeIgniter\Database\Forge->addColumn('transactions', Array)
#5 C:\xampp\htdocs\backend\vendor\codeigniter4\framework\system\Database\MigrationRunner.php(876): App\Database\Migrations\AddFinanceFeatures->up()
#6 C:\xampp\htdocs\backend\vendor\codeigniter4\framework\system\Database\MigrationRunner.php(182): CodeIgniter\Database\MigrationRunner->migrate('up', Object(stdClass))
#7 C:\xampp\htdocs\backend\vendor\codeigniter4\framework\system\Commands\Database\Migrate.php(85): CodeIgniter\Database\MigrationRunner->latest(NULL)
#8 C:\xampp\htdocs\backend\vendor\codeigniter4\framework\system\CLI\Commands.php(74): CodeIgniter\Commands\Database\Migrate->run(Array)
#9 C:\xampp\htdocs\backend\vendor\codeigniter4\framework\system\CLI\Console.php(47): CodeIgniter\CLI\Commands->run('migrate', Array)
#10 C:\xampp\htdocs\backend\vendor\codeigniter4\framework\system\Boot.php(388): CodeIgniter\CLI\Console->run()
#11 C:\xampp\htdocs\backend\vendor\codeigniter4\framework\system\Boot.php(133): CodeIgniter\Boot::runCommand(Object(CodeIgniter\CLI\Console))
#12 C:\xampp\htdocs\backend\spark(87): CodeIgniter\Boot::bootSpark(Object(Config\Paths))
#13 {main}
ERROR - 2025-12-07 11:50:51 --> mysqli_sql_exception: Duplicate column name 'wallet_id' in C:\xampp\htdocs\backend\vendor\codeigniter4\framework\system\Database\MySQLi\Connection.php:327
Stack trace:
#0 C:\xampp\htdocs\backend\vendor\codeigniter4\framework\system\Database\MySQLi\Connection.php(327): mysqli->query('ALTER TABLE `tr...', 0)
#1 C:\xampp\htdocs\backend\vendor\codeigniter4\framework\system\Database\BaseConnection.php(729): CodeIgniter\Database\MySQLi\Connection->execute('ALTER TABLE `tr...')
#2 C:\xampp\htdocs\backend\vendor\codeigniter4\framework\system\Database\BaseConnection.php(646): CodeIgniter\Database\BaseConnection->simpleQuery('ALTER TABLE `tr...')
#3 C:\xampp\htdocs\backend\vendor\codeigniter4\framework\system\Database\Forge.php(772): CodeIgniter\Database\BaseConnection->query('ALTER TABLE `tr...')
#4 C:\xampp\htdocs\backend\app\Database\Migrations\2025-12-05-130250_AddFinanceFeatures.php(42): CodeIgniter\Database\Forge->addColumn('transactions', Array)
#5 C:\xampp\htdocs\backend\vendor\codeigniter4\framework\system\Database\MigrationRunner.php(876): App\Database\Migrations\AddFinanceFeatures->up()
#6 C:\xampp\htdocs\backend\vendor\codeigniter4\framework\system\Database\MigrationRunner.php(182): CodeIgniter\Database\MigrationRunner->migrate('up', Object(stdClass))
#7 C:\xampp\htdocs\backend\vendor\codeigniter4\framework\system\Commands\Database\Migrate.php(85): CodeIgniter\Database\MigrationRunner->latest(NULL)
#8 C:\xampp\htdocs\backend\vendor\codeigniter4\framework\system\CLI\Commands.php(74): CodeIgniter\Commands\Database\Migrate->run(Array)
#9 C:\xampp\htdocs\backend\vendor\codeigniter4\framework\system\CLI\Console.php(47): CodeIgniter\CLI\Commands->run('migrate', Array)
#10 C:\xampp\htdocs\backend\vendor\codeigniter4\framework\system\Boot.php(388): CodeIgniter\CLI\Console->run()
#11 C:\xampp\htdocs\backend\vendor\codeigniter4\framework\system\Boot.php(133): CodeIgniter\Boot::runCommand(Object(CodeIgniter\CLI\Console))
#12 C:\xampp\htdocs\backend\spark(87): CodeIgniter\Boot::bootSpark(Object(Config\Paths))
#13 {main}
ERROR - 2025-12-07 11:52:28 --> mysqli_sql_exception: Duplicate column name 'wallet_id' in C:\xampp\htdocs\backend\vendor\codeigniter4\framework\system\Database\MySQLi\Connection.php:327
Stack trace:
#0 C:\xampp\htdocs\backend\vendor\codeigniter4\framework\system\Database\MySQLi\Connection.php(327): mysqli->query('ALTER TABLE `tr...', 0)
#1 C:\xampp\htdocs\backend\vendor\codeigniter4\framework\system\Database\BaseConnection.php(729): CodeIgniter\Database\MySQLi\Connection->execute('ALTER TABLE `tr...')
#2 C:\xampp\htdocs\backend\vendor\codeigniter4\framework\system\Database\BaseConnection.php(646): CodeIgniter\Database\BaseConnection->simpleQuery('ALTER TABLE `tr...')
#3 C:\xampp\htdocs\backend\vendor\codeigniter4\framework\system\Database\Forge.php(772): CodeIgniter\Database\BaseConnection->query('ALTER TABLE `tr...')
#4 C:\xampp\htdocs\backend\app\Database\Migrations\2025-12-05-130250_AddFinanceFeatures.php(42): CodeIgniter\Database\Forge->addColumn('transactions', Array)
#5 C:\xampp\htdocs\backend\vendor\codeigniter4\framework\system\Database\MigrationRunner.php(876): App\Database\Migrations\AddFinanceFeatures->up()
#6 C:\xampp\htdocs\backend\vendor\codeigniter4\framework\system\Database\MigrationRunner.php(182): CodeIgniter\Database\MigrationRunner->migrate('up', Object(stdClass))
#7 C:\xampp\htdocs\backend\vendor\codeigniter4\framework\system\Commands\Database\Migrate.php(85): CodeIgniter\Database\MigrationRunner->latest(NULL)
#8 C:\xampp\htdocs\backend\vendor\codeigniter4\framework\system\CLI\Commands.php(74): CodeIgniter\Commands\Database\Migrate->run(Array)
#9 C:\xampp\htdocs\backend\vendor\codeigniter4\framework\system\CLI\Console.php(47): CodeIgniter\CLI\Commands->run('migrate', Array)
#10 C:\xampp\htdocs\backend\vendor\codeigniter4\framework\system\Boot.php(388): CodeIgniter\CLI\Console->run()
#11 C:\xampp\htdocs\backend\vendor\codeigniter4\framework\system\Boot.php(133): CodeIgniter\Boot::runCommand(Object(CodeIgniter\CLI\Console))
#12 C:\xampp\htdocs\backend\spark(87): CodeIgniter\Boot::bootSpark(Object(Config\Paths))
#13 {main}
